<<<<<<< HEAD
[debug] [2021-01-25T21:13:13.175Z] ----------------------------------------------------------------------
[debug] [2021-01-25T21:13:13.177Z] Command:       /home/isaboll1/.nvm/versions/node/v14.15.4/bin/node /home/isaboll1/.nvm/versions/node/v14.15.4/bin/firebase emulators:start
[debug] [2021-01-25T21:13:13.178Z] CLI Version:   9.2.2
[debug] [2021-01-25T21:13:13.178Z] Platform:      linux
[debug] [2021-01-25T21:13:13.178Z] Node Version:  v14.15.4
[debug] [2021-01-25T21:13:13.178Z] Time:          Mon Jan 25 2021 16:13:13 GMT-0500 (Eastern Standard Time)
[debug] [2021-01-25T21:13:13.178Z] ----------------------------------------------------------------------
[debug] [2021-01-25T21:13:13.178Z] 
[debug] [2021-01-25T21:13:13.183Z] > command requires scopes: ["email","openid","https://www.googleapis.com/auth/cloudplatformprojects.readonly","https://www.googleapis.com/auth/firebase","https://www.googleapis.com/auth/cloud-platform"]
[debug] [2021-01-25T21:13:13.282Z] FirebaseError: Failed to authenticate, have you run firebase login?
[warn] ⚠  emulators: You are not currently authenticated so some features may not work correctly. Please run firebase login to authenticate the CLI. 
[info] i  emulators: Starting emulators: auth, functions, firestore, database, hosting, pubsub {"metadata":{"emulator":{"name":"hub"},"message":"Starting emulators: auth, functions, firestore, database, hosting, pubsub"}}
[debug] [2021-01-25T21:13:13.309Z] [hub] writing locator at /tmp/hub-cease-project-a8f4b.json
[warn] ⚠  Your requested "node" version "12" doesn't match your global version "14" {"metadata":{"emulator":{"name":"functions"},"message":"Your requested \"node\" version \"12\" doesn't match your global version \"14\""}}
[debug] [2021-01-25T21:13:13.324Z] defaultcredentials: no credential available.
[warn] ⚠  functions: You are not signed in to the Firebase CLI. If you have authorized this machine using gcloud application-default credentials those may be discovered and used to access production services. {"metadata":{"emulator":{"name":"functions"},"message":"You are not signed in to the Firebase CLI. If you have authorized this machine using gcloud application-default credentials those may be discovered and used to access production services."}}
[debug] [2021-01-25T21:13:13.326Z] > refreshing access token with scopes: []
[debug] [2021-01-25T21:13:13.327Z] >>> HTTP REQUEST POST https://www.googleapis.com/oauth2/v3/token  
 <request body omitted>
[debug] [2021-01-25T21:13:13.445Z] <<< HTTP RESPONSE 400 {"expires":"Mon, 01 Jan 1990 00:00:00 GMT","date":"Mon, 25 Jan 2021 21:13:13 GMT","pragma":"no-cache","cache-control":"no-cache, no-store, max-age=0, must-revalidate","content-type":"application/json; charset=utf-8","vary":"X-Origin, Referer, Origin,Accept-Encoding","server":"scaffolding on HTTPServer2","x-xss-protection":"0","x-frame-options":"SAMEORIGIN","x-content-type-options":"nosniff","alt-svc":"h3-29=\":443\"; ma=2592000,h3-T051=\":443\"; ma=2592000,h3-Q050=\":443\"; ma=2592000,h3-Q046=\":443\"; ma=2592000,h3-Q043=\":443\"; ma=2592000,quic=\":443\"; ma=2592000; v=\"46,43\"","accept-ranges":"none","transfer-encoding":"chunked"}
[debug] [2021-01-25T21:13:13.450Z] >>> [apiv2][query] GET https://firebase.googleapis.com/v1beta1/projects/cease-project-a8f4b/adminSdkConfig [none]
[debug] [2021-01-25T21:13:13.590Z] <<< [apiv2][status] GET https://firebase.googleapis.com/v1beta1/projects/cease-project-a8f4b/adminSdkConfig 401
[debug] [2021-01-25T21:13:13.591Z] <<< [apiv2][body] GET https://firebase.googleapis.com/v1beta1/projects/cease-project-a8f4b/adminSdkConfig {"error":{"code":401,"message":"Request is missing required authentication credential. Expected OAuth 2 access token, login cookie or other valid authentication credential. See https://developers.google.com/identity/sign-in/web/devconsole-project.","status":"UNAUTHENTICATED"}}
[debug] [2021-01-25T21:13:13.592Z] Failed to get Admin SDK config for cease-project-a8f4b, falling back to cache Failed to get Admin SDK for Firebase project cease-project-a8f4b. Please make sure the project exists and your account has permission to access it. {"name":"FirebaseError","children":[],"exit":2,"message":"Failed to get Admin SDK for Firebase project cease-project-a8f4b. Please make sure the project exists and your account has permission to access it.","original":{"name":"FirebaseError","children":[],"context":{"body":{"error":{"code":401,"message":"Request is missing required authentication credential. Expected OAuth 2 access token, login cookie or other valid authentication credential. See https://developers.google.com/identity/sign-in/web/devconsole-project.","status":"UNAUTHENTICATED"}},"response":{"statusCode":401}},"exit":1,"message":"HTTP Error: 401, Request is missing required authentication credential. Expected OAuth 2 access token, login cookie or other valid authentication credential. See https://developers.google.com/identity/sign-in/web/devconsole-project.","status":401},"status":500}
[debug] [2021-01-25T21:13:13.613Z] Ignoring unsupported arg: projectId {"metadata":{"emulator":{"name":"firestore"},"message":"Ignoring unsupported arg: projectId"}}
[debug] [2021-01-25T21:13:13.613Z] Ignoring unsupported arg: auto_download {"metadata":{"emulator":{"name":"firestore"},"message":"Ignoring unsupported arg: auto_download"}}
[debug] [2021-01-25T21:13:13.614Z] Starting Firestore Emulator with command {"binary":"java","args":["-Dgoogle.cloud_firestore.debug_log_level=FINE","-Duser.language=en","-jar","/home/isaboll1/.cache/firebase/emulators/cloud-firestore-emulator-v1.11.12.jar","--host","localhost","--port",8080,"--rules","/home/isaboll1/Documents/CEASE-Website/firestore","--functions_emulator","localhost:5001"],"optionalArgs":["port","webchannel_port","host","rules","functions_emulator","seed_from_export"],"joinArgs":false} {"metadata":{"emulator":{"name":"firestore"},"message":"Starting Firestore Emulator with command {\"binary\":\"java\",\"args\":[\"-Dgoogle.cloud_firestore.debug_log_level=FINE\",\"-Duser.language=en\",\"-jar\",\"/home/isaboll1/.cache/firebase/emulators/cloud-firestore-emulator-v1.11.12.jar\",\"--host\",\"localhost\",\"--port\",8080,\"--rules\",\"/home/isaboll1/Documents/CEASE-Website/firestore\",\"--functions_emulator\",\"localhost:5001\"],\"optionalArgs\":[\"port\",\"webchannel_port\",\"host\",\"rules\",\"functions_emulator\",\"seed_from_export\"],\"joinArgs\":false}"}}
[info] i  firestore: Firestore Emulator logging to firestore-debug.log {"metadata":{"emulator":{"name":"firestore"},"message":"Firestore Emulator logging to \u001b[1mfirestore-debug.log\u001b[22m"}}
[debug] [2021-01-25T21:13:14.549Z] API endpoint: http:// {"metadata":{"emulator":{"name":"firestore"},"message":"API endpoint: http://"}}
[debug] [2021-01-25T21:13:14.549Z] localhost:8080
If you are using a library that supports the FIRESTORE_EMULATOR_HOST environment variable, run:

   export FIRESTORE_EMULATOR_HOST=localhost:8080

Dev App Server is now running.

 {"metadata":{"emulator":{"name":"firestore"},"message":"localhost:8080\nIf you are using a library that supports the FIRESTORE_EMULATOR_HOST environment variable, run:\n\n   export FIRESTORE_EMULATOR_HOST=localhost:8080\n\nDev App Server is now running.\n\n"}}
[debug] [2021-01-25T21:13:14.635Z] database rules config:  [{"instance":"cease-project-a8f4b","rules":"/home/isaboll1/Documents/CEASE-Website/database.json"}]
[debug] [2021-01-25T21:13:14.638Z] Ignoring unsupported arg: projectId {"metadata":{"emulator":{"name":"database"},"message":"Ignoring unsupported arg: projectId"}}
[debug] [2021-01-25T21:13:14.639Z] Ignoring unsupported arg: auto_download {"metadata":{"emulator":{"name":"database"},"message":"Ignoring unsupported arg: auto_download"}}
[debug] [2021-01-25T21:13:14.639Z] Ignoring unsupported arg: rules {"metadata":{"emulator":{"name":"database"},"message":"Ignoring unsupported arg: rules"}}
[debug] [2021-01-25T21:13:14.640Z] Starting Database Emulator with command {"binary":"java","args":["-Duser.language=en","-jar","/home/isaboll1/.cache/firebase/emulators/firebase-database-emulator-v4.7.2.jar","--host","localhost","--port",9000,"--functions_emulator_host","localhost","--functions_emulator_port",5001],"optionalArgs":["port","host","functions_emulator_port","functions_emulator_host"],"joinArgs":false} {"metadata":{"emulator":{"name":"database"},"message":"Starting Database Emulator with command {\"binary\":\"java\",\"args\":[\"-Duser.language=en\",\"-jar\",\"/home/isaboll1/.cache/firebase/emulators/firebase-database-emulator-v4.7.2.jar\",\"--host\",\"localhost\",\"--port\",9000,\"--functions_emulator_host\",\"localhost\",\"--functions_emulator_port\",5001],\"optionalArgs\":[\"port\",\"host\",\"functions_emulator_port\",\"functions_emulator_host\"],\"joinArgs\":false}"}}
[info] i  database: Database Emulator logging to database-debug.log {"metadata":{"emulator":{"name":"database"},"message":"Database Emulator logging to \u001b[1mdatabase-debug.log\u001b[22m"}}
[debug] [2021-01-25T21:13:15.302Z] WARNING: An illegal reflective access operation has occurred
WARNING: Illegal reflective access by io.netty.util.internal.ReflectionUtil (file:/home/isaboll1/.cache/firebase/emulators/firebase-database-emulator-v4.7.2.jar) to field sun.nio.ch.SelectorImpl.selectedKeys
WARNING: Please consider reporting this to the maintainers of io.netty.util.internal.ReflectionUtil
WARNING: Use --illegal-access=warn to enable warnings of further illegal reflective access operations
WARNING: All illegal access operations will be denied in a future release
 {"metadata":{"emulator":{"name":"database"},"message":"WARNING: An illegal reflective access operation has occurred\nWARNING: Illegal reflective access by io.netty.util.internal.ReflectionUtil (file:/home/isaboll1/.cache/firebase/emulators/firebase-database-emulator-v4.7.2.jar) to field sun.nio.ch.SelectorImpl.selectedKeys\nWARNING: Please consider reporting this to the maintainers of io.netty.util.internal.ReflectionUtil\nWARNING: Use --illegal-access=warn to enable warnings of further illegal reflective access operations\nWARNING: All illegal access operations will be denied in a future release\n"}}
[debug] [2021-01-25T21:13:16.068Z] 16:13:16.067 [NamespaceSystem-akka.actor.default-dispatcher-4] INFO akka.event.slf4j.Slf4jLogger - Slf4jLogger started
 {"metadata":{"emulator":{"name":"database"},"message":"16:13:16.067 [NamespaceSystem-akka.actor.default-dispatcher-4] INFO akka.event.slf4j.Slf4jLogger - Slf4jLogger started\n"}}
[debug] [2021-01-25T21:13:16.218Z] 16:13:16.218 [main] INFO com.firebase.server.forge.App$ - Listening at localhost:9000
 {"metadata":{"emulator":{"name":"database"},"message":"16:13:16.218 [main] INFO com.firebase.server.forge.App$ - Listening at localhost:9000\n"}}
[debug] [2021-01-25T21:13:19.003Z] Ignoring unsupported arg: projectId {"metadata":{"emulator":{"name":"pubsub"},"message":"Ignoring unsupported arg: projectId"}}
[debug] [2021-01-25T21:13:19.003Z] Ignoring unsupported arg: auto_download {"metadata":{"emulator":{"name":"pubsub"},"message":"Ignoring unsupported arg: auto_download"}}
[debug] [2021-01-25T21:13:19.003Z] Starting Pub/Sub Emulator with command {"binary":"/home/isaboll1/.cache/firebase/emulators/pubsub-emulator-0.1.0/pubsub-emulator/bin/cloud-pubsub-emulator","args":["--host=localhost","--port=8085"],"optionalArgs":["port","host"],"joinArgs":true} {"metadata":{"emulator":{"name":"pubsub"},"message":"Starting Pub/Sub Emulator with command {\"binary\":\"/home/isaboll1/.cache/firebase/emulators/pubsub-emulator-0.1.0/pubsub-emulator/bin/cloud-pubsub-emulator\",\"args\":[\"--host=localhost\",\"--port=8085\"],\"optionalArgs\":[\"port\",\"host\"],\"joinArgs\":true}"}}
[info] i  pubsub: Pub/Sub Emulator logging to pubsub-debug.log {"metadata":{"emulator":{"name":"pubsub"},"message":"Pub/Sub Emulator logging to \u001b[1mpubsub-debug.log\u001b[22m"}}
[debug] [2021-01-25T21:13:19.134Z] This is the Google Pub/Sub fake.
 {"metadata":{"emulator":{"name":"pubsub"},"message":"This is the Google Pub/Sub fake.\n"}}
[debug] [2021-01-25T21:13:19.134Z] Implementation may be incomplete or differ from the real system.
 {"metadata":{"emulator":{"name":"pubsub"},"message":"Implementation may be incomplete or differ from the real system.\n"}}
[debug] [2021-01-25T21:13:19.183Z] Jan 25, 2021 4:13:19 PM com.google.cloud.pubsub.testing.v1.Main main
INFO: IAM integration is disabled. IAM policy methods and ACL checks are not supported
 {"metadata":{"emulator":{"name":"pubsub"},"message":"Jan 25, 2021 4:13:19 PM com.google.cloud.pubsub.testing.v1.Main main\nINFO: IAM integration is disabled. IAM policy methods and ACL checks are not supported\n"}}
[debug] [2021-01-25T21:13:19.570Z] Jan 25, 2021 4:13:19 PM io.gapi.emulators.netty.NettyUtil applyJava7LongHostnameWorkaround
INFO: Applied Java 7 long hostname workaround.
 {"metadata":{"emulator":{"name":"pubsub"},"message":"Jan 25, 2021 4:13:19 PM io.gapi.emulators.netty.NettyUtil applyJava7LongHostnameWorkaround\nINFO: Applied Java 7 long hostname workaround.\n"}}
[debug] [2021-01-25T21:13:19.628Z] Jan 25, 2021 4:13:19 PM com.google.cloud.pubsub.testing.v1.Main main
INFO: Server started, listening on 8085
 {"metadata":{"emulator":{"name":"pubsub"},"message":"Jan 25, 2021 4:13:19 PM com.google.cloud.pubsub.testing.v1.Main main\nINFO: Server started, listening on 8085\n"}}
[debug] [2021-01-25T21:13:19.769Z] > refreshing access token with scopes: []
[debug] [2021-01-25T21:13:19.770Z] >>> HTTP REQUEST POST https://www.googleapis.com/oauth2/v3/token  
 <request body omitted>
[debug] [2021-01-25T21:13:19.842Z] <<< HTTP RESPONSE 400 {"pragma":"no-cache","cache-control":"no-cache, no-store, max-age=0, must-revalidate","date":"Mon, 25 Jan 2021 21:13:19 GMT","expires":"Mon, 01 Jan 1990 00:00:00 GMT","content-type":"application/json; charset=utf-8","vary":"X-Origin, Referer, Origin,Accept-Encoding","server":"scaffolding on HTTPServer2","x-xss-protection":"0","x-frame-options":"SAMEORIGIN","x-content-type-options":"nosniff","alt-svc":"h3-29=\":443\"; ma=2592000,h3-T051=\":443\"; ma=2592000,h3-Q050=\":443\"; ma=2592000,h3-Q046=\":443\"; ma=2592000,h3-Q043=\":443\"; ma=2592000,quic=\":443\"; ma=2592000; v=\"46,43\"","accept-ranges":"none","transfer-encoding":"chunked"}
[debug] [2021-01-25T21:13:19.843Z] >>> [apiv2][query] GET https://firebase.googleapis.com/v1beta1/projects/cease-project-a8f4b/webApps/-/config [none]
[debug] [2021-01-25T21:13:19.873Z] Jan 25, 2021 4:13:19 PM io.gapi.emulators.grpc.GrpcServer$3 operationComplete
INFO: Adding handler(s) to newly registered Channel.
 {"metadata":{"emulator":{"name":"pubsub"},"message":"Jan 25, 2021 4:13:19 PM io.gapi.emulators.grpc.GrpcServer$3 operationComplete\nINFO: Adding handler(s) to newly registered Channel.\n"}}
[debug] [2021-01-25T21:13:19.945Z] <<< [apiv2][status] GET https://firebase.googleapis.com/v1beta1/projects/cease-project-a8f4b/webApps/-/config 401
[debug] [2021-01-25T21:13:19.945Z] <<< [apiv2][body] GET https://firebase.googleapis.com/v1beta1/projects/cease-project-a8f4b/webApps/-/config {"error":{"code":401,"message":"Request is missing required authentication credential. Expected OAuth 2 access token, login cookie or other valid authentication credential. See https://developers.google.com/identity/sign-in/web/devconsole-project.","status":"UNAUTHENTICATED"}}
[debug] [2021-01-25T21:13:19.946Z] fetchWebSetup error: FirebaseError: HTTP Error: 401, Request is missing required authentication credential. Expected OAuth 2 access token, login cookie or other valid authentication credential. See https://developers.google.com/identity/sign-in/web/devconsole-project.
[warn] ⚠  hosting: Using web app configuration from cache. 
[info] i  hosting: Serving hosting files from: public {"metadata":{"emulator":{"name":"hosting"},"message":"Serving hosting files from: \u001b[1mpublic\u001b[22m"}}
[info] ✔  hosting: Local server: http://localhost:5000 {"metadata":{"emulator":{"name":"hosting"},"message":"Local server: \u001b[4m\u001b[1mhttp://localhost:5000\u001b[22m\u001b[24m"}}
[debug] [2021-01-25T21:13:19.981Z] Ignoring unsupported arg: auto_download {"metadata":{"emulator":{"name":"ui"},"message":"Ignoring unsupported arg: auto_download"}}
[debug] [2021-01-25T21:13:19.982Z] Ignoring unsupported arg: port {"metadata":{"emulator":{"name":"ui"},"message":"Ignoring unsupported arg: port"}}
[debug] [2021-01-25T21:13:19.982Z] Starting Emulator UI with command {"binary":"node","args":["/home/isaboll1/.cache/firebase/emulators/ui-v1.4.1/server.bundle.js"],"optionalArgs":[],"joinArgs":false} {"metadata":{"emulator":{"name":"ui"},"message":"Starting Emulator UI with command {\"binary\":\"node\",\"args\":[\"/home/isaboll1/.cache/firebase/emulators/ui-v1.4.1/server.bundle.js\"],\"optionalArgs\":[],\"joinArgs\":false}"}}
[info] i  ui: Emulator UI logging to ui-debug.log {"metadata":{"emulator":{"name":"ui"},"message":"Emulator UI logging to \u001b[1mui-debug.log\u001b[22m"}}
[debug] [2021-01-25T21:13:20.074Z] Web / API server started at http://localhost:4000
 {"metadata":{"emulator":{"name":"ui"},"message":"Web / API server started at http://localhost:4000\n"}}
[info] i  functions: Watching "/home/isaboll1/Documents/CEASE-Website/functions" for Cloud Functions... {"metadata":{"emulator":{"name":"functions"},"message":"Watching \"/home/isaboll1/Documents/CEASE-Website/functions\" for Cloud Functions..."}}
[debug] [2021-01-25T21:13:20.268Z] [worker-pool] addWorker(~diagnostic~) {"metadata":{"emulator":{"name":"functions"},"message":"[worker-pool] addWorker(~diagnostic~)"}}
[debug] [2021-01-25T21:13:20.269Z] [worker-pool] Adding worker with key ~diagnostic~, total=1 {"metadata":{"emulator":{"name":"functions"},"message":"[worker-pool] Adding worker with key ~diagnostic~, total=1"}}
[debug] [2021-01-25T21:13:20.269Z] [worker-pool] submitWork(triggerId=) {"metadata":{"emulator":{"name":"functions"},"message":"[worker-pool] submitWork(triggerId=)"}}
[debug] [2021-01-25T21:13:20.270Z] [worker-~diagnostic~-29955eb6-0aad-4bbf-9702-41b36af12def]: Assigning socketPath: /tmp/fire_emu_65995.sock {"metadata":{"emulator":{"name":"functions"},"message":"[worker-~diagnostic~-29955eb6-0aad-4bbf-9702-41b36af12def]: Assigning socketPath: /tmp/fire_emu_65995.sock"}}
[debug] [2021-01-25T21:13:20.271Z] [worker-~diagnostic~-29955eb6-0aad-4bbf-9702-41b36af12def]: BUSY {"metadata":{"emulator":{"name":"functions"},"message":"[worker-~diagnostic~-29955eb6-0aad-4bbf-9702-41b36af12def]: BUSY"}}
[debug] [2021-01-25T21:13:20.408Z] [runtime-status] [65995] Functions runtime initialized. {"cwd":"/home/isaboll1/Documents/CEASE-Website/functions","node_version":"14.15.4"} {"metadata":{"emulator":{"name":"functions"},"message":"[runtime-status] [65995] Functions runtime initialized. {\"cwd\":\"/home/isaboll1/Documents/CEASE-Website/functions\",\"node_version\":\"14.15.4\"}"}}
[debug] [2021-01-25T21:13:20.408Z] [runtime-status] [65995] Disabled runtime features: undefined {"metadata":{"emulator":{"name":"functions"},"message":"[runtime-status] [65995] Disabled runtime features: undefined"}}
[debug] [2021-01-25T21:13:20.410Z] [runtime-status] [65995] Resolved module firebase-admin {"declared":true,"installed":true,"version":"9.4.2","resolution":"/home/isaboll1/Documents/node_modules/firebase-admin/lib/index.js"} {"metadata":{"emulator":{"name":"functions"},"message":"[runtime-status] [65995] Resolved module firebase-admin {\"declared\":true,\"installed\":true,\"version\":\"9.4.2\",\"resolution\":\"/home/isaboll1/Documents/node_modules/firebase-admin/lib/index.js\"}"}}
[warn] ⚠  The Cloud Functions emulator requires the module "firebase-functions" to be installed. This package is in your package.json, but it's not available. You probably need to run "npm install" in your functions directory. {"metadata":{"emulator":{"name":"functions"},"message":"The Cloud Functions emulator requires the module \"firebase-functions\" to be installed. This package is in your package.json, but it's not available. You probably need to run \"npm install\" in your functions directory."}}
[info] i  functions: Your functions could not be parsed due to an issue with your node_modules (see above) {"metadata":{"emulator":{"name":"functions"},"message":"Your functions could not be parsed due to an issue with your node_modules (see above)"}}
[debug] [2021-01-25T21:13:20.426Z] [worker-~diagnostic~-29955eb6-0aad-4bbf-9702-41b36af12def]: exited {"metadata":{"emulator":{"name":"functions"},"message":"[worker-~diagnostic~-29955eb6-0aad-4bbf-9702-41b36af12def]: exited"}}
[debug] [2021-01-25T21:13:20.426Z] [worker-~diagnostic~-29955eb6-0aad-4bbf-9702-41b36af12def]: FINISHED {"metadata":{"emulator":{"name":"functions"},"message":"[worker-~diagnostic~-29955eb6-0aad-4bbf-9702-41b36af12def]: FINISHED"}}
[info] i  hosting: 127.0.0.1 - - [25/Jan/2021:21:13:24 +0000] "GET /__/firebase/init.js?useEmulator=true HTTP/1.1" 200 - "http://localhost:5000/" "Mozilla/5.0 (X11; Linux x86_64) AppleWebKit/537.36 (KHTML, like Gecko) Chrome/87.0.4280.88 Safari/537.36" {"metadata":{"emulator":{"name":"hosting"},"message":"127.0.0.1 - - [25/Jan/2021:21:13:24 +0000] \"GET /__/firebase/init.js?useEmulator=true HTTP/1.1\" 200 - \"http://localhost:5000/\" \"Mozilla/5.0 (X11; Linux x86_64) AppleWebKit/537.36 (KHTML, like Gecko) Chrome/87.0.4280.88 Safari/537.36\""}}
[info] i  hosting: 127.0.0.1 - - [25/Jan/2021:21:13:58 +0000] "GET /activity6.1.html HTTP/1.1" 404 1808 "-" "Mozilla/5.0 (X11; Linux x86_64) AppleWebKit/537.36 (KHTML, like Gecko) Chrome/87.0.4280.88 Safari/537.36" {"metadata":{"emulator":{"name":"hosting"},"message":"127.0.0.1 - - [25/Jan/2021:21:13:58 +0000] \"GET /activity6.1.html HTTP/1.1\" 404 1808 \"-\" \"Mozilla/5.0 (X11; Linux x86_64) AppleWebKit/537.36 (KHTML, like Gecko) Chrome/87.0.4280.88 Safari/537.36\""}}
[info] i  hosting: 127.0.0.1 - - [25/Jan/2021:21:14:33 +0000] "GET /__/firebase/init.js?useEmulator=true HTTP/1.1" 200 - "http://localhost:5000/" "Mozilla/5.0 (X11; Linux x86_64) AppleWebKit/537.36 (KHTML, like Gecko) Chrome/87.0.4280.88 Safari/537.36" {"metadata":{"emulator":{"name":"hosting"},"message":"127.0.0.1 - - [25/Jan/2021:21:14:33 +0000] \"GET /__/firebase/init.js?useEmulator=true HTTP/1.1\" 200 - \"http://localhost:5000/\" \"Mozilla/5.0 (X11; Linux x86_64) AppleWebKit/537.36 (KHTML, like Gecko) Chrome/87.0.4280.88 Safari/537.36\""}}
[debug] [2021-01-25T21:14:36.804Z] >>> [apiv2][query] GET https://www.gstatic.com/firebasejs/8.2.2/firebase-app.js.map [none]
[debug] [2021-01-25T21:14:36.806Z] >>> [apiv2][query] GET https://www.gstatic.com/firebasejs/8.2.2/firebase-auth.js.map [none]
[debug] [2021-01-25T21:14:36.808Z] >>> [apiv2][query] GET https://www.gstatic.com/firebasejs/8.2.2/firebase-database.js.map [none]
[debug] [2021-01-25T21:14:36.810Z] >>> [apiv2][query] GET https://www.gstatic.com/firebasejs/8.2.2/firebase-firestore.js.map [none]
[debug] [2021-01-25T21:14:36.811Z] >>> [apiv2][query] GET https://www.gstatic.com/firebasejs/8.2.2/firebase-functions.js.map [none]
[debug] [2021-01-25T21:14:36.814Z] >>> [apiv2][query] GET https://www.gstatic.com/firebasejs/8.2.2/firebase-messaging.js.map [none]
[debug] [2021-01-25T21:14:36.900Z] <<< [apiv2][status] GET https://www.gstatic.com/firebasejs/8.2.2/firebase-auth.js.map 200
[debug] [2021-01-25T21:14:36.901Z] <<< [apiv2][body] GET https://www.gstatic.com/firebasejs/8.2.2/firebase-auth.js.map [stream]
[debug] [2021-01-25T21:14:36.902Z] <<< [apiv2][status] GET https://www.gstatic.com/firebasejs/8.2.2/firebase-messaging.js.map 200
[debug] [2021-01-25T21:14:36.903Z] <<< [apiv2][body] GET https://www.gstatic.com/firebasejs/8.2.2/firebase-messaging.js.map [stream]
[debug] [2021-01-25T21:14:36.911Z] <<< [apiv2][status] GET https://www.gstatic.com/firebasejs/8.2.2/firebase-app.js.map 200
[debug] [2021-01-25T21:14:36.911Z] <<< [apiv2][body] GET https://www.gstatic.com/firebasejs/8.2.2/firebase-app.js.map [stream]
[debug] [2021-01-25T21:14:36.913Z] <<< [apiv2][status] GET https://www.gstatic.com/firebasejs/8.2.2/firebase-database.js.map 200
[debug] [2021-01-25T21:14:36.914Z] <<< [apiv2][body] GET https://www.gstatic.com/firebasejs/8.2.2/firebase-database.js.map [stream]
[info] i  hosting: 127.0.0.1 - - [25/Jan/2021:21:14:36 +0000] "GET /__/firebase/8.2.2/firebase-messaging.js.map HTTP/1.1" 200 177777 "-" "Mozilla/5.0 (X11; Linux x86_64) AppleWebKit/537.36 (KHTML, like Gecko) Chrome/87.0.4280.88 Safari/537.36" {"metadata":{"emulator":{"name":"hosting"},"message":"127.0.0.1 - - [25/Jan/2021:21:14:36 +0000] \"GET /__/firebase/8.2.2/firebase-messaging.js.map HTTP/1.1\" 200 177777 \"-\" \"Mozilla/5.0 (X11; Linux x86_64) AppleWebKit/537.36 (KHTML, like Gecko) Chrome/87.0.4280.88 Safari/537.36\""}}
[info] i  hosting: 127.0.0.1 - - [25/Jan/2021:21:14:36 +0000] "GET /__/firebase/8.2.2/firebase-app.js.map HTTP/1.1" 200 105445 "-" "Mozilla/5.0 (X11; Linux x86_64) AppleWebKit/537.36 (KHTML, like Gecko) Chrome/87.0.4280.88 Safari/537.36" {"metadata":{"emulator":{"name":"hosting"},"message":"127.0.0.1 - - [25/Jan/2021:21:14:36 +0000] \"GET /__/firebase/8.2.2/firebase-app.js.map HTTP/1.1\" 200 105445 \"-\" \"Mozilla/5.0 (X11; Linux x86_64) AppleWebKit/537.36 (KHTML, like Gecko) Chrome/87.0.4280.88 Safari/537.36\""}}
[debug] [2021-01-25T21:14:36.972Z] <<< [apiv2][status] GET https://www.gstatic.com/firebasejs/8.2.2/firebase-functions.js.map 200
[debug] [2021-01-25T21:14:36.972Z] <<< [apiv2][body] GET https://www.gstatic.com/firebasejs/8.2.2/firebase-functions.js.map [stream]
[debug] [2021-01-25T21:14:36.998Z] <<< [apiv2][status] GET https://www.gstatic.com/firebasejs/8.2.2/firebase-firestore.js.map 200
[debug] [2021-01-25T21:14:36.998Z] <<< [apiv2][body] GET https://www.gstatic.com/firebasejs/8.2.2/firebase-firestore.js.map [stream]
[debug] [2021-01-25T21:14:37.003Z] >>> [apiv2][query] GET https://www.gstatic.com/firebasejs/8.2.2/firebase-storage.js.map [none]
[debug] [2021-01-25T21:14:37.009Z] >>> [apiv2][query] GET https://www.gstatic.com/firebasejs/8.2.2/firebase-analytics.js.map [none]
[info] i  hosting: 127.0.0.1 - - [25/Jan/2021:21:14:37 +0000] "GET /__/firebase/8.2.2/firebase-functions.js.map HTTP/1.1" 200 52842 "-" "Mozilla/5.0 (X11; Linux x86_64) AppleWebKit/537.36 (KHTML, like Gecko) Chrome/87.0.4280.88 Safari/537.36" {"metadata":{"emulator":{"name":"hosting"},"message":"127.0.0.1 - - [25/Jan/2021:21:14:37 +0000] \"GET /__/firebase/8.2.2/firebase-functions.js.map HTTP/1.1\" 200 52842 \"-\" \"Mozilla/5.0 (X11; Linux x86_64) AppleWebKit/537.36 (KHTML, like Gecko) Chrome/87.0.4280.88 Safari/537.36\""}}
[info] i  hosting: 127.0.0.1 - - [25/Jan/2021:21:14:37 +0000] "GET /__/firebase/8.2.2/firebase-database.js.map HTTP/1.1" 200 924845 "-" "Mozilla/5.0 (X11; Linux x86_64) AppleWebKit/537.36 (KHTML, like Gecko) Chrome/87.0.4280.88 Safari/537.36" {"metadata":{"emulator":{"name":"hosting"},"message":"127.0.0.1 - - [25/Jan/2021:21:14:37 +0000] \"GET /__/firebase/8.2.2/firebase-database.js.map HTTP/1.1\" 200 924845 \"-\" \"Mozilla/5.0 (X11; Linux x86_64) AppleWebKit/537.36 (KHTML, like Gecko) Chrome/87.0.4280.88 Safari/537.36\""}}
[debug] [2021-01-25T21:14:37.082Z] >>> [apiv2][query] GET https://www.gstatic.com/firebasejs/8.2.2/firebase-remote-config.js.map [none]
[debug] [2021-01-25T21:14:37.102Z] <<< [apiv2][status] GET https://www.gstatic.com/firebasejs/8.2.2/firebase-analytics.js.map 200
[debug] [2021-01-25T21:14:37.103Z] <<< [apiv2][body] GET https://www.gstatic.com/firebasejs/8.2.2/firebase-analytics.js.map [stream]
[debug] [2021-01-25T21:14:37.105Z] >>> [apiv2][query] GET https://www.gstatic.com/firebasejs/8.2.2/firebase-performance.js.map [none]
[debug] [2021-01-25T21:14:37.208Z] <<< [apiv2][status] GET https://www.gstatic.com/firebasejs/8.2.2/firebase-storage.js.map 200
[debug] [2021-01-25T21:14:37.208Z] <<< [apiv2][body] GET https://www.gstatic.com/firebasejs/8.2.2/firebase-storage.js.map [stream]
[info] i  hosting: 127.0.0.1 - - [25/Jan/2021:21:14:37 +0000] "GET /__/firebase/8.2.2/firebase-analytics.js.map HTTP/1.1" 200 176193 "-" "Mozilla/5.0 (X11; Linux x86_64) AppleWebKit/537.36 (KHTML, like Gecko) Chrome/87.0.4280.88 Safari/537.36" {"metadata":{"emulator":{"name":"hosting"},"message":"127.0.0.1 - - [25/Jan/2021:21:14:37 +0000] \"GET /__/firebase/8.2.2/firebase-analytics.js.map HTTP/1.1\" 200 176193 \"-\" \"Mozilla/5.0 (X11; Linux x86_64) AppleWebKit/537.36 (KHTML, like Gecko) Chrome/87.0.4280.88 Safari/537.36\""}}
[info] i  hosting: 127.0.0.1 - - [25/Jan/2021:21:14:37 +0000] "GET /__/firebase/8.2.2/firebase-auth.js.map HTTP/1.1" 200 2393971 "-" "Mozilla/5.0 (X11; Linux x86_64) AppleWebKit/537.36 (KHTML, like Gecko) Chrome/87.0.4280.88 Safari/537.36" {"metadata":{"emulator":{"name":"hosting"},"message":"127.0.0.1 - - [25/Jan/2021:21:14:37 +0000] \"GET /__/firebase/8.2.2/firebase-auth.js.map HTTP/1.1\" 200 2393971 \"-\" \"Mozilla/5.0 (X11; Linux x86_64) AppleWebKit/537.36 (KHTML, like Gecko) Chrome/87.0.4280.88 Safari/537.36\""}}
[debug] [2021-01-25T21:14:37.325Z] <<< [apiv2][status] GET https://www.gstatic.com/firebasejs/8.2.2/firebase-remote-config.js.map 200
[debug] [2021-01-25T21:14:37.325Z] <<< [apiv2][body] GET https://www.gstatic.com/firebasejs/8.2.2/firebase-remote-config.js.map [stream]
[debug] [2021-01-25T21:14:37.328Z] <<< [apiv2][status] GET https://www.gstatic.com/firebasejs/8.2.2/firebase-performance.js.map 200
[debug] [2021-01-25T21:14:37.328Z] <<< [apiv2][body] GET https://www.gstatic.com/firebasejs/8.2.2/firebase-performance.js.map [stream]
[info] i  hosting: 127.0.0.1 - - [25/Jan/2021:21:14:37 +0000] "GET /__/firebase/8.2.2/firebase-storage.js.map HTTP/1.1" 200 209760 "-" "Mozilla/5.0 (X11; Linux x86_64) AppleWebKit/537.36 (KHTML, like Gecko) Chrome/87.0.4280.88 Safari/537.36" {"metadata":{"emulator":{"name":"hosting"},"message":"127.0.0.1 - - [25/Jan/2021:21:14:37 +0000] \"GET /__/firebase/8.2.2/firebase-storage.js.map HTTP/1.1\" 200 209760 \"-\" \"Mozilla/5.0 (X11; Linux x86_64) AppleWebKit/537.36 (KHTML, like Gecko) Chrome/87.0.4280.88 Safari/537.36\""}}
[info] i  hosting: 127.0.0.1 - - [25/Jan/2021:21:14:37 +0000] "GET /__/firebase/8.2.2/firebase-firestore.js.map HTTP/1.1" 200 2009431 "-" "Mozilla/5.0 (X11; Linux x86_64) AppleWebKit/537.36 (KHTML, like Gecko) Chrome/87.0.4280.88 Safari/537.36" {"metadata":{"emulator":{"name":"hosting"},"message":"127.0.0.1 - - [25/Jan/2021:21:14:37 +0000] \"GET /__/firebase/8.2.2/firebase-firestore.js.map HTTP/1.1\" 200 2009431 \"-\" \"Mozilla/5.0 (X11; Linux x86_64) AppleWebKit/537.36 (KHTML, like Gecko) Chrome/87.0.4280.88 Safari/537.36\""}}
[info] i  hosting: 127.0.0.1 - - [25/Jan/2021:21:14:37 +0000] "GET /__/firebase/8.2.2/firebase-remote-config.js.map HTTP/1.1" 200 173862 "-" "Mozilla/5.0 (X11; Linux x86_64) AppleWebKit/537.36 (KHTML, like Gecko) Chrome/87.0.4280.88 Safari/537.36" {"metadata":{"emulator":{"name":"hosting"},"message":"127.0.0.1 - - [25/Jan/2021:21:14:37 +0000] \"GET /__/firebase/8.2.2/firebase-remote-config.js.map HTTP/1.1\" 200 173862 \"-\" \"Mozilla/5.0 (X11; Linux x86_64) AppleWebKit/537.36 (KHTML, like Gecko) Chrome/87.0.4280.88 Safari/537.36\""}}
[info] i  hosting: 127.0.0.1 - - [25/Jan/2021:21:14:37 +0000] "GET /__/firebase/8.2.2/firebase-performance.js.map HTTP/1.1" 200 200253 "-" "Mozilla/5.0 (X11; Linux x86_64) AppleWebKit/537.36 (KHTML, like Gecko) Chrome/87.0.4280.88 Safari/537.36" {"metadata":{"emulator":{"name":"hosting"},"message":"127.0.0.1 - - [25/Jan/2021:21:14:37 +0000] \"GET /__/firebase/8.2.2/firebase-performance.js.map HTTP/1.1\" 200 200253 \"-\" \"Mozilla/5.0 (X11; Linux x86_64) AppleWebKit/537.36 (KHTML, like Gecko) Chrome/87.0.4280.88 Safari/537.36\""}}
[debug] [2021-01-25T21:44:40.232Z] Received signal SIGINT (Ctrl-C) 1
[info]  
[info] i  emulators: Received SIGINT (Ctrl-C) for the first time. Starting a clean shutdown. 
[info] i  emulators: Please wait for a clean shutdown or send the SIGINT (Ctrl-C) signal again to stop right now. 
[info] i  emulators: Shutting down emulators. {"metadata":{"emulator":{"name":"hub"},"message":"Shutting down emulators."}}
[info] i  ui: Stopping Emulator UI {"metadata":{"emulator":{"name":"ui"},"message":"Stopping Emulator UI"}}
[warn] ⚠  Emulator UI has exited upon receiving signal: SIGINT 
[info] i  functions: Stopping Functions Emulator {"metadata":{"emulator":{"name":"functions"},"message":"Stopping Functions Emulator"}}
[info] i  hosting: Stopping Hosting Emulator {"metadata":{"emulator":{"name":"hosting"},"message":"Stopping Hosting Emulator"}}
[info] i  database: Stopping Database Emulator {"metadata":{"emulator":{"name":"database"},"message":"Stopping Database Emulator"}}
[debug] [2021-01-25T21:44:40.257Z] 16:44:40.256 [Thread-0] INFO com.firebase.server.forge.App$ - Attempting graceful shutdown.
 {"metadata":{"emulator":{"name":"database"},"message":"16:44:40.256 [Thread-0] INFO com.firebase.server.forge.App$ - Attempting graceful shutdown.\n"}}
[debug] [2021-01-25T21:44:40.264Z] 16:44:40.264 [Thread-0] INFO com.firebase.server.forge.App$ - Graceful shutdown complete.
 {"metadata":{"emulator":{"name":"database"},"message":"16:44:40.264 [Thread-0] INFO com.firebase.server.forge.App$ - Graceful shutdown complete.\n"}}
[info] i  firestore: Stopping Firestore Emulator {"metadata":{"emulator":{"name":"firestore"},"message":"Stopping Firestore Emulator"}}
[debug] [2021-01-25T21:44:40.612Z] *** shutting down gRPC server since JVM is shutting down {"metadata":{"emulator":{"name":"firestore"},"message":"*** shutting down gRPC server since JVM is shutting down"}}
[debug] [2021-01-25T21:44:40.614Z] 
 {"metadata":{"emulator":{"name":"firestore"},"message":"\n"}}
[debug] [2021-01-25T21:44:40.630Z] *** server shut down {"metadata":{"emulator":{"name":"firestore"},"message":"*** server shut down"}}
[debug] [2021-01-25T21:44:40.631Z] 
 {"metadata":{"emulator":{"name":"firestore"},"message":"\n"}}
[info] i  pubsub: Stopping Pub/Sub Emulator {"metadata":{"emulator":{"name":"pubsub"},"message":"Stopping Pub/Sub Emulator"}}
[debug] [2021-01-25T21:44:40.652Z] *** shutting down gRPC server since JVM is shutting down
 {"metadata":{"emulator":{"name":"pubsub"},"message":"*** shutting down gRPC server since JVM is shutting down\n"}}
[debug] [2021-01-25T21:44:40.658Z] *** server shut down {"metadata":{"emulator":{"name":"pubsub"},"message":"*** server shut down"}}
[debug] [2021-01-25T21:44:40.658Z] 
 {"metadata":{"emulator":{"name":"pubsub"},"message":"\n"}}
[info] i  auth: Stopping Authentication Emulator {"metadata":{"emulator":{"name":"auth"},"message":"Stopping Authentication Emulator"}}
[info] i  hub: Stopping emulator hub {"metadata":{"emulator":{"name":"hub"},"message":"Stopping emulator hub"}}
=======
[debug] [2021-01-22T16:58:50.568Z] ----------------------------------------------------------------------
[debug] [2021-01-22T16:58:50.573Z] Command:       C:\Program Files\nodejs\node.exe C:\Users\cynth\AppData\Roaming\npm\node_modules\firebase-tools\lib\bin\firebase.js serve --only hosting
[debug] [2021-01-22T16:58:50.574Z] CLI Version:   9.2.0
[debug] [2021-01-22T16:58:50.574Z] Platform:      win32
[debug] [2021-01-22T16:58:50.574Z] Node Version:  v10.16.3
[debug] [2021-01-22T16:58:50.576Z] Time:          Fri Jan 22 2021 11:58:50 GMT-0500 (Eastern Standard Time)
[debug] [2021-01-22T16:58:50.577Z] ----------------------------------------------------------------------
[debug] [2021-01-22T16:58:50.577Z] 
[debug] [2021-01-22T16:58:50.605Z] > command requires scopes: ["email","openid","https://www.googleapis.com/auth/cloudplatformprojects.readonly","https://www.googleapis.com/auth/firebase","https://www.googleapis.com/auth/cloud-platform"]
[debug] [2021-01-22T16:58:50.606Z] > authorizing via signed-in user
[debug] [2021-01-22T16:58:50.607Z] [iam] checking project cease-project for permissions ["firebase.projects.get"]
[debug] [2021-01-22T16:58:50.611Z] > refreshing access token with scopes: ["email","https://www.googleapis.com/auth/cloud-platform","https://www.googleapis.com/auth/cloudplatformprojects.readonly","https://www.googleapis.com/auth/firebase","openid"]
[debug] [2021-01-22T16:58:50.611Z] >>> HTTP REQUEST POST https://www.googleapis.com/oauth2/v3/token  
 <request body omitted>
[debug] [2021-01-22T16:58:50.789Z] <<< HTTP RESPONSE 200 {"pragma":"no-cache","cache-control":"no-cache, no-store, max-age=0, must-revalidate","date":"Fri, 22 Jan 2021 16:58:42 GMT","expires":"Mon, 01 Jan 1990 00:00:00 GMT","content-type":"application/json; charset=utf-8","vary":"X-Origin, Referer, Origin,Accept-Encoding","server":"scaffolding on HTTPServer2","x-xss-protection":"0","x-frame-options":"SAMEORIGIN","x-content-type-options":"nosniff","alt-svc":"h3-29=\":443\"; ma=2592000,h3-T051=\":443\"; ma=2592000,h3-Q050=\":443\"; ma=2592000,h3-Q046=\":443\"; ma=2592000,h3-Q043=\":443\"; ma=2592000,quic=\":443\"; ma=2592000; v=\"46,43\"","accept-ranges":"none","transfer-encoding":"chunked"}
[debug] [2021-01-22T16:58:50.849Z] >>> HTTP REQUEST POST https://cloudresourcemanager.googleapis.com/v1/projects/cease-project:testIamPermissions  
 {"permissions":["firebase.projects.get"]}
[debug] [2021-01-22T16:58:51.100Z] <<< HTTP RESPONSE 200 {"content-type":"application/json; charset=UTF-8","vary":"X-Origin, Referer, Origin,Accept-Encoding","date":"Fri, 22 Jan 2021 16:58:42 GMT","server":"ESF","cache-control":"private","x-xss-protection":"0","x-frame-options":"SAMEORIGIN","x-content-type-options":"nosniff","server-timing":"gfet4t7; dur=159","alt-svc":"h3-29=\":443\"; ma=2592000,h3-T051=\":443\"; ma=2592000,h3-Q050=\":443\"; ma=2592000,h3-Q046=\":443\"; ma=2592000,h3-Q043=\":443\"; ma=2592000,quic=\":443\"; ma=2592000; v=\"46,43\"","accept-ranges":"none","transfer-encoding":"chunked"}
[debug] [2021-01-22T16:58:51.103Z] > refreshing access token with scopes: []
[debug] [2021-01-22T16:58:51.103Z] >>> HTTP REQUEST POST https://www.googleapis.com/oauth2/v3/token  
 <request body omitted>
[debug] [2021-01-22T16:58:51.193Z] <<< HTTP RESPONSE 200 {"expires":"Mon, 01 Jan 1990 00:00:00 GMT","cache-control":"no-cache, no-store, max-age=0, must-revalidate","date":"Fri, 22 Jan 2021 16:58:42 GMT","pragma":"no-cache","content-type":"application/json; charset=utf-8","vary":"X-Origin, Referer, Origin,Accept-Encoding","server":"scaffolding on HTTPServer2","x-xss-protection":"0","x-frame-options":"SAMEORIGIN","x-content-type-options":"nosniff","alt-svc":"h3-29=\":443\"; ma=2592000,h3-T051=\":443\"; ma=2592000,h3-Q050=\":443\"; ma=2592000,h3-Q046=\":443\"; ma=2592000,h3-Q043=\":443\"; ma=2592000,quic=\":443\"; ma=2592000; v=\"46,43\"","accept-ranges":"none","transfer-encoding":"chunked"}
[debug] [2021-01-22T16:58:51.230Z] >>> [apiv2][query] GET https://firebase.googleapis.com/v1beta1/projects/cease-project [none]
[debug] [2021-01-22T16:58:51.473Z] <<< [apiv2][status] GET https://firebase.googleapis.com/v1beta1/projects/cease-project 200
[debug] [2021-01-22T16:58:51.474Z] <<< [apiv2][body] GET https://firebase.googleapis.com/v1beta1/projects/cease-project {"projectId":"cease-project","projectNumber":"1040376864167","displayName":"CEASE PROJECT","name":"projects/cease-project","resources":{"hostingSite":"cease-project","realtimeDatabaseInstance":"cease-project-default-rtdb","storageBucket":"cease-project.appspot.com","locationId":"us-central"},"state":"ACTIVE"}
[debug] [2021-01-22T16:58:51.476Z] >>> [apiv2][query] GET https://firebase.googleapis.com/v1beta1/projects/cease-project/webApps/-/config [none]
[debug] [2021-01-22T16:58:51.830Z] <<< [apiv2][status] GET https://firebase.googleapis.com/v1beta1/projects/cease-project/webApps/-/config 200
[debug] [2021-01-22T16:58:51.830Z] <<< [apiv2][body] GET https://firebase.googleapis.com/v1beta1/projects/cease-project/webApps/-/config {"projectId":"cease-project","appId":"1:1040376864167:web:c01717d731005c95eb6a82","databaseURL":"https://cease-project-default-rtdb.firebaseio.com","storageBucket":"cease-project.appspot.com","locationId":"us-central","apiKey":"AIzaSyA5h1LnE61icjtscqjhM82po6-ALHlVyg4","authDomain":"cease-project.firebaseapp.com","messagingSenderId":"1040376864167","measurementId":"G-R37MEE68RE"}
[info] i  hosting: Serving hosting files from: public {"metadata":{"emulator":{"name":"hosting"},"message":"Serving hosting files from: \u001b[1mpublic\u001b[22m"}}
[info] +  hosting: Local server: http://localhost:5000 {"metadata":{"emulator":{"name":"hosting"},"message":"Local server: \u001b[4m\u001b[1mhttp://localhost:5000\u001b[22m\u001b[24m"}}
[debug] [2021-01-22T16:59:18.928Z] >>> [apiv2][query] GET https://www.gstatic.com/firebasejs/8.2.2/firebase-auth.js [none]
[debug] [2021-01-22T16:59:18.934Z] >>> [apiv2][query] GET https://www.gstatic.com/firebasejs/8.2.2/firebase-app.js [none]
[debug] [2021-01-22T16:59:18.997Z] <<< [apiv2][status] GET https://www.gstatic.com/firebasejs/8.2.2/firebase-auth.js 200
[debug] [2021-01-22T16:59:18.997Z] <<< [apiv2][body] GET https://www.gstatic.com/firebasejs/8.2.2/firebase-auth.js [stream]
[debug] [2021-01-22T16:59:19.026Z] <<< [apiv2][status] GET https://www.gstatic.com/firebasejs/8.2.2/firebase-app.js 200
[debug] [2021-01-22T16:59:19.027Z] <<< [apiv2][body] GET https://www.gstatic.com/firebasejs/8.2.2/firebase-app.js [stream]
[info] i  hosting: 127.0.0.1 - - [22/Jan/2021:16:59:19 +0000] "GET /__/firebase/8.2.2/firebase-auth.js HTTP/1.1" 200 - "http://localhost:5000/" "Mozilla/5.0 (Windows NT 10.0; Win64; x64) AppleWebKit/537.36 (KHTML, like Gecko) Chrome/87.0.4280.141 Safari/537.36" {"metadata":{"emulator":{"name":"hosting"},"message":"127.0.0.1 - - [22/Jan/2021:16:59:19 +0000] \"GET /__/firebase/8.2.2/firebase-auth.js HTTP/1.1\" 200 - \"http://localhost:5000/\" \"Mozilla/5.0 (Windows NT 10.0; Win64; x64) AppleWebKit/537.36 (KHTML, like Gecko) Chrome/87.0.4280.141 Safari/537.36\""}}
[info] i  hosting: 127.0.0.1 - - [22/Jan/2021:16:59:19 +0000] "GET /__/firebase/8.2.2/firebase-app.js HTTP/1.1" 200 - "http://localhost:5000/" "Mozilla/5.0 (Windows NT 10.0; Win64; x64) AppleWebKit/537.36 (KHTML, like Gecko) Chrome/87.0.4280.141 Safari/537.36" {"metadata":{"emulator":{"name":"hosting"},"message":"127.0.0.1 - - [22/Jan/2021:16:59:19 +0000] \"GET /__/firebase/8.2.2/firebase-app.js HTTP/1.1\" 200 - \"http://localhost:5000/\" \"Mozilla/5.0 (Windows NT 10.0; Win64; x64) AppleWebKit/537.36 (KHTML, like Gecko) Chrome/87.0.4280.141 Safari/537.36\""}}
[debug] [2021-01-22T16:59:19.076Z] >>> [apiv2][query] GET https://www.gstatic.com/firebasejs/8.2.2/firebase-database.js [none]
[debug] [2021-01-22T16:59:19.082Z] >>> [apiv2][query] GET https://www.gstatic.com/firebasejs/8.2.2/firebase-firestore.js [none]
[debug] [2021-01-22T16:59:19.105Z] >>> [apiv2][query] GET https://www.gstatic.com/firebasejs/8.2.2/firebase-functions.js [none]
[debug] [2021-01-22T16:59:19.107Z] >>> [apiv2][query] GET https://www.gstatic.com/firebasejs/8.2.2/firebase-messaging.js [none]
[debug] [2021-01-22T16:59:19.110Z] >>> [apiv2][query] GET https://www.gstatic.com/firebasejs/8.2.2/firebase-storage.js [none]
[debug] [2021-01-22T16:59:19.117Z] >>> [apiv2][query] GET https://www.gstatic.com/firebasejs/8.2.2/firebase-analytics.js [none]
[debug] [2021-01-22T16:59:19.154Z] <<< [apiv2][status] GET https://www.gstatic.com/firebasejs/8.2.2/firebase-messaging.js 200
[debug] [2021-01-22T16:59:19.155Z] <<< [apiv2][body] GET https://www.gstatic.com/firebasejs/8.2.2/firebase-messaging.js [stream]
[debug] [2021-01-22T16:59:19.164Z] <<< [apiv2][status] GET https://www.gstatic.com/firebasejs/8.2.2/firebase-functions.js 200
[debug] [2021-01-22T16:59:19.165Z] <<< [apiv2][body] GET https://www.gstatic.com/firebasejs/8.2.2/firebase-functions.js [stream]
[info] i  hosting: 127.0.0.1 - - [22/Jan/2021:16:59:19 +0000] "GET /__/firebase/8.2.2/firebase-functions.js HTTP/1.1" 200 - "http://localhost:5000/" "Mozilla/5.0 (Windows NT 10.0; Win64; x64) AppleWebKit/537.36 (KHTML, like Gecko) Chrome/87.0.4280.141 Safari/537.36" {"metadata":{"emulator":{"name":"hosting"},"message":"127.0.0.1 - - [22/Jan/2021:16:59:19 +0000] \"GET /__/firebase/8.2.2/firebase-functions.js HTTP/1.1\" 200 - \"http://localhost:5000/\" \"Mozilla/5.0 (Windows NT 10.0; Win64; x64) AppleWebKit/537.36 (KHTML, like Gecko) Chrome/87.0.4280.141 Safari/537.36\""}}
[debug] [2021-01-22T16:59:19.178Z] <<< [apiv2][status] GET https://www.gstatic.com/firebasejs/8.2.2/firebase-analytics.js 200
[debug] [2021-01-22T16:59:19.178Z] <<< [apiv2][body] GET https://www.gstatic.com/firebasejs/8.2.2/firebase-analytics.js [stream]
[debug] [2021-01-22T16:59:19.180Z] >>> [apiv2][query] GET https://www.gstatic.com/firebasejs/8.2.2/firebase-remote-config.js [none]
[info] i  hosting: 127.0.0.1 - - [22/Jan/2021:16:59:19 +0000] "GET /__/firebase/8.2.2/firebase-messaging.js HTTP/1.1" 200 - "http://localhost:5000/" "Mozilla/5.0 (Windows NT 10.0; Win64; x64) AppleWebKit/537.36 (KHTML, like Gecko) Chrome/87.0.4280.141 Safari/537.36" {"metadata":{"emulator":{"name":"hosting"},"message":"127.0.0.1 - - [22/Jan/2021:16:59:19 +0000] \"GET /__/firebase/8.2.2/firebase-messaging.js HTTP/1.1\" 200 - \"http://localhost:5000/\" \"Mozilla/5.0 (Windows NT 10.0; Win64; x64) AppleWebKit/537.36 (KHTML, like Gecko) Chrome/87.0.4280.141 Safari/537.36\""}}
[debug] [2021-01-22T16:59:19.189Z] >>> [apiv2][query] GET https://www.gstatic.com/firebasejs/8.2.2/firebase-performance.js [none]
[info] i  hosting: 127.0.0.1 - - [22/Jan/2021:16:59:19 +0000] "GET /__/firebase/8.2.2/firebase-analytics.js HTTP/1.1" 200 - "http://localhost:5000/" "Mozilla/5.0 (Windows NT 10.0; Win64; x64) AppleWebKit/537.36 (KHTML, like Gecko) Chrome/87.0.4280.141 Safari/537.36" {"metadata":{"emulator":{"name":"hosting"},"message":"127.0.0.1 - - [22/Jan/2021:16:59:19 +0000] \"GET /__/firebase/8.2.2/firebase-analytics.js HTTP/1.1\" 200 - \"http://localhost:5000/\" \"Mozilla/5.0 (Windows NT 10.0; Win64; x64) AppleWebKit/537.36 (KHTML, like Gecko) Chrome/87.0.4280.141 Safari/537.36\""}}
[info] i  hosting: 127.0.0.1 - - [22/Jan/2021:16:59:19 +0000] "GET /__/firebase/init.js?useEmulator=true HTTP/1.1" 200 - "http://localhost:5000/" "Mozilla/5.0 (Windows NT 10.0; Win64; x64) AppleWebKit/537.36 (KHTML, like Gecko) Chrome/87.0.4280.141 Safari/537.36" {"metadata":{"emulator":{"name":"hosting"},"message":"127.0.0.1 - - [22/Jan/2021:16:59:19 +0000] \"GET /__/firebase/init.js?useEmulator=true HTTP/1.1\" 200 - \"http://localhost:5000/\" \"Mozilla/5.0 (Windows NT 10.0; Win64; x64) AppleWebKit/537.36 (KHTML, like Gecko) Chrome/87.0.4280.141 Safari/537.36\""}}
[debug] [2021-01-22T16:59:19.216Z] <<< [apiv2][status] GET https://www.gstatic.com/firebasejs/8.2.2/firebase-database.js 200
[debug] [2021-01-22T16:59:19.216Z] <<< [apiv2][body] GET https://www.gstatic.com/firebasejs/8.2.2/firebase-database.js [stream]
[info] i  hosting: 127.0.0.1 - - [22/Jan/2021:16:59:19 +0000] "GET /__/firebase/8.2.2/firebase-database.js HTTP/1.1" 200 - "http://localhost:5000/" "Mozilla/5.0 (Windows NT 10.0; Win64; x64) AppleWebKit/537.36 (KHTML, like Gecko) Chrome/87.0.4280.141 Safari/537.36" {"metadata":{"emulator":{"name":"hosting"},"message":"127.0.0.1 - - [22/Jan/2021:16:59:19 +0000] \"GET /__/firebase/8.2.2/firebase-database.js HTTP/1.1\" 200 - \"http://localhost:5000/\" \"Mozilla/5.0 (Windows NT 10.0; Win64; x64) AppleWebKit/537.36 (KHTML, like Gecko) Chrome/87.0.4280.141 Safari/537.36\""}}
[debug] [2021-01-22T16:59:19.283Z] <<< [apiv2][status] GET https://www.gstatic.com/firebasejs/8.2.2/firebase-performance.js 200
[debug] [2021-01-22T16:59:19.283Z] <<< [apiv2][body] GET https://www.gstatic.com/firebasejs/8.2.2/firebase-performance.js [stream]
[debug] [2021-01-22T16:59:19.292Z] <<< [apiv2][status] GET https://www.gstatic.com/firebasejs/8.2.2/firebase-storage.js 200
[debug] [2021-01-22T16:59:19.293Z] <<< [apiv2][body] GET https://www.gstatic.com/firebasejs/8.2.2/firebase-storage.js [stream]
[info] i  hosting: 127.0.0.1 - - [22/Jan/2021:16:59:19 +0000] "GET /__/firebase/8.2.2/firebase-performance.js HTTP/1.1" 200 - "http://localhost:5000/" "Mozilla/5.0 (Windows NT 10.0; Win64; x64) AppleWebKit/537.36 (KHTML, like Gecko) Chrome/87.0.4280.141 Safari/537.36" {"metadata":{"emulator":{"name":"hosting"},"message":"127.0.0.1 - - [22/Jan/2021:16:59:19 +0000] \"GET /__/firebase/8.2.2/firebase-performance.js HTTP/1.1\" 200 - \"http://localhost:5000/\" \"Mozilla/5.0 (Windows NT 10.0; Win64; x64) AppleWebKit/537.36 (KHTML, like Gecko) Chrome/87.0.4280.141 Safari/537.36\""}}
[info] i  hosting: 127.0.0.1 - - [22/Jan/2021:16:59:19 +0000] "GET /__/firebase/8.2.2/firebase-storage.js HTTP/1.1" 200 - "http://localhost:5000/" "Mozilla/5.0 (Windows NT 10.0; Win64; x64) AppleWebKit/537.36 (KHTML, like Gecko) Chrome/87.0.4280.141 Safari/537.36" {"metadata":{"emulator":{"name":"hosting"},"message":"127.0.0.1 - - [22/Jan/2021:16:59:19 +0000] \"GET /__/firebase/8.2.2/firebase-storage.js HTTP/1.1\" 200 - \"http://localhost:5000/\" \"Mozilla/5.0 (Windows NT 10.0; Win64; x64) AppleWebKit/537.36 (KHTML, like Gecko) Chrome/87.0.4280.141 Safari/537.36\""}}
[debug] [2021-01-22T16:59:19.350Z] <<< [apiv2][status] GET https://www.gstatic.com/firebasejs/8.2.2/firebase-firestore.js 200
[debug] [2021-01-22T16:59:19.350Z] <<< [apiv2][body] GET https://www.gstatic.com/firebasejs/8.2.2/firebase-firestore.js [stream]
[debug] [2021-01-22T16:59:19.369Z] <<< [apiv2][status] GET https://www.gstatic.com/firebasejs/8.2.2/firebase-remote-config.js 200
[debug] [2021-01-22T16:59:19.369Z] <<< [apiv2][body] GET https://www.gstatic.com/firebasejs/8.2.2/firebase-remote-config.js [stream]
[info] i  hosting: 127.0.0.1 - - [22/Jan/2021:16:59:19 +0000] "GET /__/firebase/8.2.2/firebase-remote-config.js HTTP/1.1" 200 - "http://localhost:5000/" "Mozilla/5.0 (Windows NT 10.0; Win64; x64) AppleWebKit/537.36 (KHTML, like Gecko) Chrome/87.0.4280.141 Safari/537.36" {"metadata":{"emulator":{"name":"hosting"},"message":"127.0.0.1 - - [22/Jan/2021:16:59:19 +0000] \"GET /__/firebase/8.2.2/firebase-remote-config.js HTTP/1.1\" 200 - \"http://localhost:5000/\" \"Mozilla/5.0 (Windows NT 10.0; Win64; x64) AppleWebKit/537.36 (KHTML, like Gecko) Chrome/87.0.4280.141 Safari/537.36\""}}
[info] i  hosting: 127.0.0.1 - - [22/Jan/2021:16:59:19 +0000] "GET /__/firebase/8.2.2/firebase-firestore.js HTTP/1.1" 200 - "http://localhost:5000/" "Mozilla/5.0 (Windows NT 10.0; Win64; x64) AppleWebKit/537.36 (KHTML, like Gecko) Chrome/87.0.4280.141 Safari/537.36" {"metadata":{"emulator":{"name":"hosting"},"message":"127.0.0.1 - - [22/Jan/2021:16:59:19 +0000] \"GET /__/firebase/8.2.2/firebase-firestore.js HTTP/1.1\" 200 - \"http://localhost:5000/\" \"Mozilla/5.0 (Windows NT 10.0; Win64; x64) AppleWebKit/537.36 (KHTML, like Gecko) Chrome/87.0.4280.141 Safari/537.36\""}}
>>>>>>> 910699820cc146aff8d8cdc9bd1a75a7a8602bdb
